#
# A fatal error has been detected by the Java Runtime Environment:
#
#  EXCEPTION_ACCESS_VIOLATION (0xc0000005) at pc=0x000000005c975498, pid=5148, tid=0x00000000000007d0
#
# JRE version: Java(TM) SE Runtime Environment (8.0_202-b08) (build 1.8.0_202-b08)
# Java VM: Java HotSpot(TM) 64-Bit Server VM (25.202-b08 mixed mode windows-amd64 compressed oops)
# Problematic frame:
# V  [jvm.dll+0x115498]
#
# Failed to write core dump. Minidumps are not enabled by default on client versions of Windows
#
# If you would like to submit a bug report, please visit:
#   http://bugreport.java.com/bugreport/crash.jsp
#

---------------  T H R E A D  ---------------

Current thread (0x0000000002e8b000):  GCTaskThread [stack: 0x0000000012a30000,0x0000000012b30000] [id=2000]

siginfo: ExceptionCode=0xc0000005, reading address 0xffffffffffffffff

Registers:
RAX=0x0000000012c30000, RBX=0x0000000000000010, RCX=0x0000000000000000, RDX=0x0000000000000002
RSP=0x0000000012b2f240, RBP=0x00000000a44a5134, RSI=0x0000000000000003, RDI=0x0000000002f5cb60
R8 =0x007fffffffaf6000, R9 =0x0000000000000003, R10=0x000000000000000c, R11=0x0000000000000174
R12=0x00000000a44a513c, R13=0x0000000100179388, R14=0x0000000100179390, R15=0x00000000a44a5118
RIP=0x000000005c975498, EFLAGS=0x0000000000010202

Top of Stack: (sp=0x0000000012b2f240)
0x0000000012b2f240:   00000000a44a5140 00000000a44a5130
0x0000000012b2f250:   0000000000000003 0000000002f5cb60
0x0000000012b2f260:   0000000000000000 0000000002e8b7a0
0x0000000012b2f270:   0000000002e7ed10 0000000000000002
0x0000000012b2f280:   0000000000000174 000000005cc5b860
0x0000000012b2f290:   0000000017016be0 0000000000000000
0x0000000012b2f2a0:   0000000002f5cb60 000000005cebafc8
0x0000000012b2f2b0:   00000000a45e1938 000000005cc5f9a8
0x0000000012b2f2c0:   000000005d085ce0 0000000000000007
0x0000000012b2f2d0:   0000000000000000 0000014600000100
0x0000000012b2f2e0:   00000000a5785f70 000000005c975566
0x0000000012b2f2f0:   00000000a45e1938 0000000002e7ed10
0x0000000012b2f300:   0000000002e8b7b0 0000000002e8b7a0
0x0000000012b2f310:   000000005cebafc8 0000000000000002
0x0000000012b2f320:   000000001bee0240 0000000000000000
0x0000000012b2f330:   0000000002f5cb60 000000005cc5921f 

Instructions: (pc=0x000000005c975498)
0x000000005c975478:   05 63 08 71 00 49 c1 e8 03 49 d3 e8 41 0f b6 c0
0x000000005c975488:   49 c1 e8 06 24 3f 0f b6 d0 48 8b 05 78 08 71 00
0x000000005c975498:   4a 8b 0c c0 48 0f a3 d1 0f 82 59 01 00 00 0f b6
0x000000005c9754a8:   15 94 14 70 00 84 d2 74 16 44 8b 43 08 8b 0d ad 


Register to memory mapping:

RAX=0x0000000012c30000 is an unknown value
RBX=0x0000000000000010 is an unknown value
RCX=0x0000000000000000 is an unknown value
RDX=0x0000000000000002 is an unknown value
RSP=0x0000000012b2f240 is an unknown value
RBP=0x00000000a44a5134 is pointing into object: 0x00000000a44a5118
javafx.scene.control.Labeled$5 
 - klass: 'javafx/scene/control/Labeled$5'
RSI=0x0000000000000003 is an unknown value
RDI=0x0000000002f5cb60 is an unknown value
R8 =0x007fffffffaf6000 is an unknown value
R9 =0x0000000000000003 is an unknown value
R10=0x000000000000000c is an unknown value
R11=0x0000000000000174 is an unknown value
R12=0x00000000a44a513c is pointing into object: 0x00000000a44a5118
javafx.scene.control.Labeled$5 
 - klass: 'javafx/scene/control/Labeled$5'
R13=0x0000000100179388 is pointing into metadata
R14=0x0000000100179390 is pointing into metadata
R15=0x00000000a44a5118 is an oop
javafx.scene.control.Labeled$5 
 - klass: 'javafx/scene/control/Labeled$5'


Stack: [0x0000000012a30000,0x0000000012b30000],  sp=0x0000000012b2f240,  free space=1020k
Native frames: (J=compiled Java code, j=interpreted, Vv=VM code, C=native code)
V  [jvm.dll+0x115498]
V  [jvm.dll+0x3fb860]
V  [jvm.dll+0x3f921f]
V  [jvm.dll+0x3f671e]
V  [jvm.dll+0x29fc6a]
C  [msvcr100.dll+0x21d9f]
C  [msvcr100.dll+0x21e3b]
C  [KERNEL32.DLL+0x17614]
C  [ntdll.dll+0x526a1]


---------------  P R O C E S S  ---------------

Java Threads: ( => current thread )
  0x000000001c2ad800 JavaThread "Prism Font Disposer" daemon [_thread_blocked, id=9904, stack(0x000000001f1d0000,0x000000001f2d0000)]
  0x0000000018abe000 JavaThread "Thread-3" daemon [_thread_blocked, id=8496, stack(0x000000001b9e0000,0x000000001bae0000)]
  0x0000000018ac9000 JavaThread "JavaFX-Launcher" [_thread_blocked, id=9644, stack(0x000000001bae0000,0x000000001bbe0000)]
  0x0000000018a46000 JavaThread "JavaFX Application Thread" [_thread_blocked, id=4048, stack(0x0000000019610000,0x0000000019710000)]
  0x0000000018a37800 JavaThread "Thread-1" daemon [_thread_blocked, id=7120, stack(0x0000000019510000,0x0000000019610000)]
  0x000000001859c800 JavaThread "QuantumRenderer-0" daemon [_thread_blocked, id=264, stack(0x0000000019220000,0x0000000019320000)]
  0x000000001688e800 JavaThread "Service Thread" daemon [_thread_blocked, id=9708, stack(0x00000000185b0000,0x00000000186b0000)]
  0x0000000016852000 JavaThread "C1 CompilerThread2" daemon [_thread_blocked, id=10776, stack(0x00000000180b0000,0x00000000181b0000)]
  0x000000001683f800 JavaThread "C2 CompilerThread1" daemon [_thread_blocked, id=1320, stack(0x0000000017fb0000,0x00000000180b0000)]
  0x0000000016839800 JavaThread "C2 CompilerThread0" daemon [_thread_blocked, id=9964, stack(0x0000000017eb0000,0x0000000017fb0000)]
  0x0000000016837000 JavaThread "Attach Listener" daemon [_thread_blocked, id=5420, stack(0x0000000017db0000,0x0000000017eb0000)]
  0x0000000016833800 JavaThread "Signal Dispatcher" daemon [_thread_blocked, id=10812, stack(0x0000000017cb0000,0x0000000017db0000)]
  0x0000000002f6b800 JavaThread "Finalizer" daemon [_thread_blocked, id=7132, stack(0x0000000017ab0000,0x0000000017bb0000)]
  0x0000000002f63000 JavaThread "Reference Handler" daemon [_thread_blocked, id=10868, stack(0x00000000179b0000,0x0000000017ab0000)]
  0x0000000002e72800 JavaThread "main" [_thread_blocked, id=4176, stack(0x0000000002d70000,0x0000000002e70000)]

Other Threads:
  0x00000000167f7000 VMThread [stack: 0x00000000178b0000,0x00000000179b0000] [id=10760]
  0x0000000018207000 WatcherThread [stack: 0x00000000186b0000,0x00000000187b0000] [id=8148]

=>0x0000000002e8b000 (exited) GCTaskThread [stack: 0x0000000012a30000,0x0000000012b30000] [id=2000]

VM state:at safepoint (normal execution)

VM Mutex/Monitor currently owned by a thread:  ([mutex/lock_event])
[0x0000000002d3e990] Threads_lock - owner thread: 0x00000000167f7000
[0x0000000002d3dd90] Heap_lock - owner thread: 0x0000000018a46000

heap address: 0x00000000a1400000, size: 1516 MB, Compressed Oops mode: 32-bit
Narrow klass base: 0x0000000000000000, Narrow klass shift: 3
Compressed class space size: 1073741824 Address: 0x0000000100000000

Heap:
 PSYoungGen      total 245760K, used 38144K [0x00000000e0700000, 0x00000000f6180000, 0x0000000100000000)
  eden space 142336K, 0% used [0x00000000e0700000,0x00000000e0700000,0x00000000e9200000)
  from space 103424K, 36% used [0x00000000e9200000,0x00000000eb740020,0x00000000ef700000)
  to   space 97280K, 0% used [0x00000000f0280000,0x00000000f0280000,0x00000000f6180000)
 ParOldGen       total 241152K, used 239727K [0x00000000a1400000, 0x00000000aff80000, 0x00000000e0700000)
  object space 241152K, 99% used [0x00000000a1400000,0x00000000afe1bc20,0x00000000aff80000)
 Metaspace       used 18358K, capacity 19444K, committed 19712K, reserved 1067008K
  class space    used 2550K, capacity 2756K, committed 2816K, reserved 1048576K

Card table byte_map: [0x0000000012330000,0x0000000012630000] byte_map_base: 0x0000000011e26000

Marking Bits: (ParMarkBitMap*) 0x000000005d085ce0
 Begin Bits: [0x0000000012c30000, 0x00000000143e0000)
 End Bits:   [0x00000000143e0000, 0x0000000015b90000)

Polling page: 0x0000000000f70000

CodeCache: size=245760Kb used=13374Kb max_used=13385Kb free=232385Kb
 bounds [0x0000000002f70000, 0x0000000003ca0000, 0x0000000011f70000]
 total_blobs=4389 nmethods=3752 adapters=549
 compilation: enabled

Compilation events (10 events):
Event: 21.232 Thread 0x0000000016839800 nmethod 4421 0x0000000003c987d0 code [0x0000000003c98a00, 0x0000000003c99c68]
Event: 21.233 Thread 0x0000000016839800 4425       4       javafx.scene.Node::calcAutomaticNodeOrientation (78 bytes)
Event: 21.237 Thread 0x0000000016839800 nmethod 4425 0x0000000003c7c310 code [0x0000000003c7c480, 0x0000000003c7c6d8]
Event: 21.237 Thread 0x0000000016839800 4422       4       javafx.scene.Node::calcEffectiveNodeOrientation (69 bytes)
Event: 21.241 Thread 0x0000000016839800 nmethod 4422 0x0000000003c8f250 code [0x0000000003c8f3a0, 0x0000000003c8f598]
Event: 21.241 Thread 0x0000000016839800 4419       4       com.sun.javafx.collections.ObservableMapWrapper::containsKey (11 bytes)
Event: 21.247 Thread 0x0000000016839800 nmethod 4419 0x0000000003c8e950 code [0x0000000003c8eac0, 0x0000000003c8edd8]
Event: 21.247 Thread 0x0000000016839800 4420       4       javafx.scene.Node::getMirroringOrientationParent (39 bytes)
Event: 21.249 Thread 0x0000000016839800 nmethod 4420 0x0000000003c781d0 code [0x0000000003c78320, 0x0000000003c78438]
Event: 21.250 Thread 0x0000000016839800 4426       4       com.sun.javafx.scene.control.skin.LabeledSkinBase::computePrefHeight (248 bytes)

GC Heap History (10 events):
Event: 9.118 GC heap after
Heap after GC invocations=9 (full 1):
 PSYoungGen      total 174080K, used 45055K [0x00000000e0700000, 0x00000000f1500000, 0x0000000100000000)
  eden space 129024K, 0% used [0x00000000e0700000,0x00000000e0700000,0x00000000e8500000)
  from space 45056K, 99% used [0x00000000ee900000,0x00000000f14ffe78,0x00000000f1500000)
  to   space 55296K, 0% used [0x00000000ea900000,0x00000000ea900000,0x00000000edf00000)
 ParOldGen       total 131072K, used 69465K [0x00000000a1400000, 0x00000000a9400000, 0x00000000e0700000)
  object space 131072K, 52% used [0x00000000a1400000,0x00000000a57d67f8,0x00000000a9400000)
 Metaspace       used 16623K, capacity 17656K, committed 17920K, reserved 1064960K
  class space    used 2353K, capacity 2546K, committed 2560K, reserved 1048576K
}
Event: 9.881 GC heap before
{Heap before GC invocations=10 (full 1):
 PSYoungGen      total 174080K, used 174079K [0x00000000e0700000, 0x00000000f1500000, 0x0000000100000000)
  eden space 129024K, 100% used [0x00000000e0700000,0x00000000e8500000,0x00000000e8500000)
  from space 45056K, 99% used [0x00000000ee900000,0x00000000f14ffe78,0x00000000f1500000)
  to   space 55296K, 0% used [0x00000000ea900000,0x00000000ea900000,0x00000000edf00000)
 ParOldGen       total 131072K, used 69465K [0x00000000a1400000, 0x00000000a9400000, 0x00000000e0700000)
  object space 131072K, 52% used [0x00000000a1400000,0x00000000a57d67f8,0x00000000a9400000)
 Metaspace       used 16625K, capacity 17656K, committed 17920K, reserved 1064960K
  class space    used 2354K, capacity 2546K, committed 2560K, reserved 1048576K
Event: 10.046 GC heap after
Heap after GC invocations=10 (full 1):
 PSYoungGen      total 221184K, used 55279K [0x00000000e0700000, 0x00000000f4480000, 0x0000000100000000)
  eden space 165888K, 0% used [0x00000000e0700000,0x00000000e0700000,0x00000000ea900000)
  from space 55296K, 99% used [0x00000000ea900000,0x00000000edefbdb0,0x00000000edf00000)
  to   space 79360K, 0% used [0x00000000ef700000,0x00000000ef700000,0x00000000f4480000)
 ParOldGen       total 131072K, used 103956K [0x00000000a1400000, 0x00000000a9400000, 0x00000000e0700000)
  object space 131072K, 79% used [0x00000000a1400000,0x00000000a7985178,0x00000000a9400000)
 Metaspace       used 16625K, capacity 17656K, committed 17920K, reserved 1064960K
  class space    used 2354K, capacity 2546K, committed 2560K, reserved 1048576K
}
Event: 10.046 GC heap before
{Heap before GC invocations=11 (full 2):
 PSYoungGen      total 221184K, used 55279K [0x00000000e0700000, 0x00000000f4480000, 0x0000000100000000)
  eden space 165888K, 0% used [0x00000000e0700000,0x00000000e0700000,0x00000000ea900000)
  from space 55296K, 99% used [0x00000000ea900000,0x00000000edefbdb0,0x00000000edf00000)
  to   space 79360K, 0% used [0x00000000ef700000,0x00000000ef700000,0x00000000f4480000)
 ParOldGen       total 131072K, used 103956K [0x00000000a1400000, 0x00000000a9400000, 0x00000000e0700000)
  object space 131072K, 79% used [0x00000000a1400000,0x00000000a7985178,0x00000000a9400000)
 Metaspace       used 16625K, capacity 17656K, committed 17920K, reserved 1064960K
  class space    used 2354K, capacity 2546K, committed 2560K, reserved 1048576K
Event: 11.574 GC heap after
Heap after GC invocations=11 (full 2):
 PSYoungGen      total 221184K, used 27577K [0x00000000e0700000, 0x00000000f4480000, 0x0000000100000000)
  eden space 165888K, 0% used [0x00000000e0700000,0x00000000e0700000,0x00000000ea900000)
  from space 55296K, 49% used [0x00000000ea900000,0x00000000ec3ee570,0x00000000edf00000)
  to   space 79360K, 0% used [0x00000000ef700000,0x00000000ef700000,0x00000000f4480000)
 ParOldGen       total 233472K, used 130564K [0x00000000a1400000, 0x00000000af800000, 0x00000000e0700000)
  object space 233472K, 55% used [0x00000000a1400000,0x00000000a9381090,0x00000000af800000)
 Metaspace       used 16625K, capacity 17656K, committed 17920K, reserved 1064960K
  class space    used 2354K, capacity 2546K, committed 2560K, reserved 1048576K
}
Event: 12.684 GC heap before
{Heap before GC invocations=12 (full 2):
 PSYoungGen      total 221184K, used 193465K [0x00000000e0700000, 0x00000000f4480000, 0x0000000100000000)
  eden space 165888K, 100% used [0x00000000e0700000,0x00000000ea900000,0x00000000ea900000)
  from space 55296K, 49% used [0x00000000ea900000,0x00000000ec3ee570,0x00000000edf00000)
  to   space 79360K, 0% used [0x00000000ef700000,0x00000000ef700000,0x00000000f4480000)
 ParOldGen       total 233472K, used 130564K [0x00000000a1400000, 0x00000000af800000, 0x00000000e0700000)
  object space 233472K, 55% used [0x00000000a1400000,0x00000000a9381090,0x00000000af800000)
 Metaspace       used 16861K, capacity 17880K, committed 17920K, reserved 1064960K
  class space    used 2367K, capacity 2554K, committed 2560K, reserved 1048576K
Event: 12.882 GC heap after
Heap after GC invocations=12 (full 2):
 PSYoungGen      total 221696K, used 79335K [0x00000000e0700000, 0x00000000f8b80000, 0x0000000100000000)
  eden space 142336K, 0% used [0x00000000e0700000,0x00000000e0700000,0x00000000e9200000)
  from space 79360K, 99% used [0x00000000ef700000,0x00000000f4479c88,0x00000000f4480000)
  to   space 103424K, 0% used [0x00000000e9200000,0x00000000e9200000,0x00000000ef700000)
 ParOldGen       total 233472K, used 159841K [0x00000000a1400000, 0x00000000af800000, 0x00000000e0700000)
  object space 233472K, 68% used [0x00000000a1400000,0x00000000ab018648,0x00000000af800000)
 Metaspace       used 16861K, capacity 17880K, committed 17920K, reserved 1064960K
  class space    used 2367K, capacity 2554K, committed 2560K, reserved 1048576K
}
Event: 21.258 GC heap before
{Heap before GC invocations=13 (full 2):
 PSYoungGen      total 221696K, used 221671K [0x00000000e0700000, 0x00000000f8b80000, 0x0000000100000000)
  eden space 142336K, 100% used [0x00000000e0700000,0x00000000e9200000,0x00000000e9200000)
  from space 79360K, 99% used [0x00000000ef700000,0x00000000f4479c88,0x00000000f4480000)
  to   space 103424K, 0% used [0x00000000e9200000,0x00000000e9200000,0x00000000ef700000)
 ParOldGen       total 233472K, used 159841K [0x00000000a1400000, 0x00000000af800000, 0x00000000e0700000)
  object space 233472K, 68% used [0x00000000a1400000,0x00000000ab018648,0x00000000af800000)
 Metaspace       used 18358K, capacity 19444K, committed 19712K, reserved 1067008K
  class space    used 2550K, capacity 2756K, committed 2816K, reserved 1048576K
Event: 21.426 GC heap after
Heap after GC invocations=13 (full 2):
 PSYoungGen      total 245760K, used 38144K [0x00000000e0700000, 0x00000000f6180000, 0x0000000100000000)
  eden space 142336K, 0% used [0x00000000e0700000,0x00000000e0700000,0x00000000e9200000)
  from space 103424K, 36% used [0x00000000e9200000,0x00000000eb740020,0x00000000ef700000)
  to   space 97280K, 0% used [0x00000000f0280000,0x00000000f0280000,0x00000000f6180000)
 ParOldGen       total 241152K, used 239727K [0x00000000a1400000, 0x00000000aff80000, 0x00000000e0700000)
  object space 241152K, 99% used [0x00000000a1400000,0x00000000afe1bc20,0x00000000aff80000)
 Metaspace       used 18358K, capacity 19444K, committed 19712K, reserved 1067008K
  class space    used 2550K, capacity 2756K, committed 2816K, reserved 1048576K
}
Event: 21.426 GC heap before
{Heap before GC invocations=14 (full 3):
 PSYoungGen      total 245760K, used 38144K [0x00000000e0700000, 0x00000000f6180000, 0x0000000100000000)
  eden space 142336K, 0% used [0x00000000e0700000,0x00000000e0700000,0x00000000e9200000)
  from space 103424K, 36% used [0x00000000e9200000,0x00000000eb740020,0x00000000ef700000)
  to   space 97280K, 0% used [0x00000000f0280000,0x00000000f0280000,0x00000000f6180000)
 ParOldGen       total 241152K, used 239727K [0x00000000a1400000, 0x00000000aff80000, 0x00000000e0700000)
  object space 241152K, 99% used [0x00000000a1400000,0x00000000afe1bc20,0x00000000aff80000)
 Metaspace       used 18358K, capacity 19444K, committed 19712K, reserved 1067008K
  class space    used 2550K, capacity 2756K, committed 2816K, reserved 1048576K

Deoptimization events (10 events):
Event: 20.067 Thread 0x0000000018a46000 Uncommon trap: reason=unstable_if action=reinterpret pc=0x00000000039532bc method=com.sun.javafx.css.BitSet.remove(Ljava/lang/Object;)Z @ 139
Event: 20.308 Thread 0x0000000018a46000 Uncommon trap: reason=unstable_if action=reinterpret pc=0x000000000372a0dc method=javafx.scene.Node$MiscProperties.isDisable()Z @ 4
Event: 20.308 Thread 0x0000000018a46000 Uncommon trap: reason=unstable_if action=reinterpret pc=0x00000000034a24b0 method=javafx.scene.Node$MiscProperties.isDisable()Z @ 4
Event: 20.928 Thread 0x0000000018a46000 Uncommon trap: reason=unstable_if action=reinterpret pc=0x00000000033d364c method=javafx.scene.Node.impl_geomChanged()V @ 4
Event: 20.929 Thread 0x0000000018a46000 Uncommon trap: reason=unstable_if action=reinterpret pc=0x00000000035c9fe8 method=javafx.scene.Node.impl_transformsChanged()V @ 4
Event: 20.929 Thread 0x0000000018a46000 Uncommon trap: reason=unstable_if action=reinterpret pc=0x0000000003539120 method=javafx.scene.Node.impl_transformsChanged()V @ 4
Event: 20.929 Thread 0x0000000018a46000 Uncommon trap: reason=unstable_if action=reinterpret pc=0x0000000003a6116c method=com.sun.javafx.text.PrismTextLayout.initCache()V @ 57
Event: 20.932 Thread 0x0000000018a46000 Uncommon trap: reason=unstable_if action=reinterpret pc=0x000000000325c65c method=javafx.scene.Node.markDirtyLayoutBranch()V @ 16
Event: 20.985 Thread 0x0000000018a46000 Uncommon trap: reason=unstable_if action=reinterpret pc=0x0000000003a024d0 method=javafx.scene.Node.impl_isDirty(Lcom/sun/javafx/scene/DirtyBits;)Z @ 12
Event: 21.025 Thread 0x0000000018a46000 Uncommon trap: reason=unstable_if action=reinterpret pc=0x000000000388ff10 method=javafx.scene.Scene.addToDirtyList(Ljavafx/scene/Node;)V @ 4

Classes redefined (0 events):
No events

Internal exceptions (10 events):
Event: 5.194 Thread 0x0000000018a46000 Implicit null exception at 0x00000000039b341f to 0x00000000039b8009
Event: 8.061 Thread 0x0000000018a46000 Implicit null exception at 0x0000000003a9544e to 0x0000000003a9600d
Event: 12.122 Thread 0x0000000018a46000 Implicit null exception at 0x00000000030f6b05 to 0x00000000030f7e5d
Event: 12.129 Thread 0x0000000018a46000 Implicit null exception at 0x0000000003a7b415 to 0x0000000003a7e08d
Event: 12.130 Thread 0x0000000018a46000 Implicit null exception at 0x0000000003a74428 to 0x0000000003a75d89
Event: 12.132 Thread 0x0000000018a46000 Implicit null exception at 0x00000000031b658d to 0x00000000031b67a5
Event: 12.148 Thread 0x0000000018a46000 Implicit null exception at 0x00000000032aeb61 to 0x00000000032aebb4
Event: 12.162 Thread 0x0000000018a46000 Implicit null exception at 0x00000000034f6557 to 0x00000000034f69a5
Event: 12.457 Thread 0x0000000018a46000 Implicit null exception at 0x00000000039d7ccc to 0x00000000039d7ea1
Event: 18.957 Thread 0x000000001859c800 Implicit null exception at 0x00000000039189cd to 0x0000000003919ffd

Events (10 events):
Event: 20.932 Thread 0x0000000018a46000 Uncommon trap: trap_request=0xffffff65 fr.pc=0x000000000325c65c
Event: 20.932 Thread 0x0000000018a46000 DEOPT PACKING pc=0x000000000325c65c sp=0x000000001970b110
Event: 20.932 Thread 0x0000000018a46000 DEOPT UNPACKING pc=0x0000000002fb583b sp=0x000000001970afc0 mode 2
Event: 20.985 Thread 0x0000000018a46000 Uncommon trap: trap_request=0xffffff65 fr.pc=0x0000000003a024d0
Event: 20.985 Thread 0x0000000018a46000 DEOPT PACKING pc=0x0000000003a024d0 sp=0x000000001970af20
Event: 20.985 Thread 0x0000000018a46000 DEOPT UNPACKING pc=0x0000000002fb583b sp=0x000000001970ad80 mode 2
Event: 21.025 Thread 0x0000000018a46000 Uncommon trap: trap_request=0xffffff65 fr.pc=0x000000000388ff10
Event: 21.025 Thread 0x0000000018a46000 DEOPT PACKING pc=0x000000000388ff10 sp=0x000000001970ae50
Event: 21.025 Thread 0x0000000018a46000 DEOPT UNPACKING pc=0x0000000002fb583b sp=0x000000001970ad50 mode 2
Event: 21.258 Executing VM operation: ParallelGCFailedAllocation


Dynamic libraries:
0x00007ff729370000 - 0x00007ff7293a7000 	C:\Program Files\Java\jdk1.8.0_202\jre\bin\java.exe
0x00007ff8db890000 - 0x00007ff8dba88000 	C:\WINDOWS\SYSTEM32\ntdll.dll
0x00007ff8db790000 - 0x00007ff8db84f000 	C:\WINDOWS\System32\KERNEL32.DLL
0x00007ff8d9600000 - 0x00007ff8d98f6000 	C:\WINDOWS\System32\KERNELBASE.dll
0x00007ff8da010000 - 0x00007ff8da0bf000 	C:\WINDOWS\System32\ADVAPI32.dll
0x00007ff8da610000 - 0x00007ff8da6ae000 	C:\WINDOWS\System32\msvcrt.dll
0x00007ff8d9a30000 - 0x00007ff8d9acc000 	C:\WINDOWS\System32\sechost.dll
0x00007ff8d9ad0000 - 0x00007ff8d9bf6000 	C:\WINDOWS\System32\RPCRT4.dll
0x00007ff8da6b0000 - 0x00007ff8da84d000 	C:\WINDOWS\System32\USER32.dll
0x00007ff8d9220000 - 0x00007ff8d9242000 	C:\WINDOWS\System32\win32u.dll
0x00007ff8da4b0000 - 0x00007ff8da4dc000 	C:\WINDOWS\System32\GDI32.dll
0x00007ff8d9000000 - 0x00007ff8d9115000 	C:\WINDOWS\System32\gdi32full.dll
0x00007ff8d9250000 - 0x00007ff8d92ed000 	C:\WINDOWS\System32\msvcp_win.dll
0x00007ff8d9120000 - 0x00007ff8d9220000 	C:\WINDOWS\System32\ucrtbase.dll
0x00007ff8d8230000 - 0x00007ff8d84ca000 	C:\WINDOWS\WinSxS\amd64_microsoft.windows.common-controls_6595b64144ccf1df_6.0.19041.1110_none_60b5254171f9507e\COMCTL32.dll
0x00007ff8d9cc0000 - 0x00007ff8d9cf0000 	C:\WINDOWS\System32\IMM32.DLL
0x000000005c780000 - 0x000000005c852000 	C:\Program Files\Java\jdk1.8.0_202\jre\bin\msvcr100.dll
0x000000005c860000 - 0x000000005d105000 	C:\Program Files\Java\jdk1.8.0_202\jre\bin\server\jvm.dll
0x00007ff8da850000 - 0x00007ff8da858000 	C:\WINDOWS\System32\PSAPI.DLL
0x00007ff8c5420000 - 0x00007ff8c5447000 	C:\WINDOWS\SYSTEM32\WINMM.dll
0x00007ff8c7270000 - 0x00007ff8c727a000 	C:\WINDOWS\SYSTEM32\VERSION.dll
0x00007ff8b9220000 - 0x00007ff8b9229000 	C:\WINDOWS\SYSTEM32\WSOCK32.dll
0x00007ff8db100000 - 0x00007ff8db16b000 	C:\WINDOWS\System32\WS2_32.dll
0x00007ff8b8c40000 - 0x00007ff8b8c4f000 	C:\Program Files\Java\jdk1.8.0_202\jre\bin\verify.dll
0x00007ff8b6200000 - 0x00007ff8b6229000 	C:\Program Files\Java\jdk1.8.0_202\jre\bin\java.dll
0x00007ff8b8a60000 - 0x00007ff8b8a76000 	C:\Program Files\Java\jdk1.8.0_202\jre\bin\zip.dll
0x00007ff8da9b0000 - 0x00007ff8db0f4000 	C:\WINDOWS\System32\SHELL32.dll
0x00007ff8d6b30000 - 0x00007ff8d72c3000 	C:\WINDOWS\SYSTEM32\windows.storage.dll
0x00007ff8da150000 - 0x00007ff8da4a4000 	C:\WINDOWS\System32\combase.dll
0x00007ff8d8620000 - 0x00007ff8d864e000 	C:\WINDOWS\SYSTEM32\Wldp.dll
0x00007ff8d9c00000 - 0x00007ff8d9cad000 	C:\WINDOWS\System32\SHCORE.dll
0x00007ff8da8e0000 - 0x00007ff8da935000 	C:\WINDOWS\System32\shlwapi.dll
0x00007ff8d8f10000 - 0x00007ff8d8f2f000 	C:\WINDOWS\SYSTEM32\profapi.dll
0x0000000002d50000 - 0x0000000002d53000 	C:\Program Files\Java\jdk1.8.0_202\jre\bin\api-ms-win-core-console-l1-1-0.dll
0x00000000187b0000 - 0x00000000187b3000 	C:\Program Files\Java\jdk1.8.0_202\jre\bin\api-ms-win-core-datetime-l1-1-0.dll
0x00000000187c0000 - 0x00000000187c3000 	C:\Program Files\Java\jdk1.8.0_202\jre\bin\api-ms-win-core-debug-l1-1-0.dll
0x00000000187d0000 - 0x00000000187d3000 	C:\Program Files\Java\jdk1.8.0_202\jre\bin\api-ms-win-core-errorhandling-l1-1-0.dll
0x00000000187e0000 - 0x00000000187e4000 	C:\Program Files\Java\jdk1.8.0_202\jre\bin\api-ms-win-core-file-l1-1-0.dll
0x00000000187f0000 - 0x00000000187f3000 	C:\Program Files\Java\jdk1.8.0_202\jre\bin\api-ms-win-core-file-l1-2-0.dll
0x0000000018800000 - 0x0000000018803000 	C:\Program Files\Java\jdk1.8.0_202\jre\bin\api-ms-win-core-file-l2-1-0.dll
0x0000000018810000 - 0x0000000018813000 	C:\Program Files\Java\jdk1.8.0_202\jre\bin\api-ms-win-core-handle-l1-1-0.dll
0x0000000018820000 - 0x0000000018823000 	C:\Program Files\Java\jdk1.8.0_202\jre\bin\api-ms-win-core-heap-l1-1-0.dll
0x0000000018830000 - 0x0000000018833000 	C:\Program Files\Java\jdk1.8.0_202\jre\bin\api-ms-win-core-interlocked-l1-1-0.dll
0x0000000018840000 - 0x0000000018843000 	C:\Program Files\Java\jdk1.8.0_202\jre\bin\api-ms-win-core-libraryloader-l1-1-0.dll
0x0000000018850000 - 0x0000000018853000 	C:\Program Files\Java\jdk1.8.0_202\jre\bin\api-ms-win-core-localization-l1-2-0.dll
0x0000000018860000 - 0x0000000018863000 	C:\Program Files\Java\jdk1.8.0_202\jre\bin\api-ms-win-core-memory-l1-1-0.dll
0x0000000018870000 - 0x0000000018873000 	C:\Program Files\Java\jdk1.8.0_202\jre\bin\api-ms-win-core-namedpipe-l1-1-0.dll
0x0000000018880000 - 0x0000000018883000 	C:\Program Files\Java\jdk1.8.0_202\jre\bin\api-ms-win-core-processenvironment-l1-1-0.dll
0x0000000018890000 - 0x0000000018893000 	C:\Program Files\Java\jdk1.8.0_202\jre\bin\api-ms-win-core-processthreads-l1-1-0.dll
0x00000000188a0000 - 0x00000000188a3000 	C:\Program Files\Java\jdk1.8.0_202\jre\bin\api-ms-win-core-processthreads-l1-1-1.dll
0x00000000188b0000 - 0x00000000188b3000 	C:\Program Files\Java\jdk1.8.0_202\jre\bin\api-ms-win-core-profile-l1-1-0.dll
0x00000000188c0000 - 0x00000000188c3000 	C:\Program Files\Java\jdk1.8.0_202\jre\bin\api-ms-win-core-rtlsupport-l1-1-0.dll
0x00000000188d0000 - 0x00000000188d3000 	C:\Program Files\Java\jdk1.8.0_202\jre\bin\api-ms-win-core-string-l1-1-0.dll
0x00000000188e0000 - 0x00000000188e3000 	C:\Program Files\Java\jdk1.8.0_202\jre\bin\api-ms-win-core-synch-l1-1-0.dll
0x00000000188f0000 - 0x00000000188f3000 	C:\Program Files\Java\jdk1.8.0_202\jre\bin\api-ms-win-core-synch-l1-2-0.dll
0x0000000018900000 - 0x0000000018903000 	C:\Program Files\Java\jdk1.8.0_202\jre\bin\api-ms-win-core-sysinfo-l1-1-0.dll
0x0000000018910000 - 0x0000000018913000 	C:\Program Files\Java\jdk1.8.0_202\jre\bin\api-ms-win-core-timezone-l1-1-0.dll
0x0000000018920000 - 0x0000000018923000 	C:\Program Files\Java\jdk1.8.0_202\jre\bin\api-ms-win-core-util-l1-1-0.dll
0x0000000018930000 - 0x0000000018933000 	C:\Program Files\Java\jdk1.8.0_202\jre\bin\api-ms-win-crt-conio-l1-1-0.dll
0x0000000018940000 - 0x0000000018944000 	C:\Program Files\Java\jdk1.8.0_202\jre\bin\api-ms-win-crt-convert-l1-1-0.dll
0x0000000018950000 - 0x0000000018953000 	C:\Program Files\Java\jdk1.8.0_202\jre\bin\api-ms-win-crt-environment-l1-1-0.dll
0x0000000018960000 - 0x0000000018963000 	C:\Program Files\Java\jdk1.8.0_202\jre\bin\api-ms-win-crt-filesystem-l1-1-0.dll
0x0000000018970000 - 0x0000000018973000 	C:\Program Files\Java\jdk1.8.0_202\jre\bin\api-ms-win-crt-heap-l1-1-0.dll
0x0000000018980000 - 0x0000000018983000 	C:\Program Files\Java\jdk1.8.0_202\jre\bin\api-ms-win-crt-locale-l1-1-0.dll
0x0000000018990000 - 0x0000000018995000 	C:\Program Files\Java\jdk1.8.0_202\jre\bin\api-ms-win-crt-math-l1-1-0.dll
0x00000000189a0000 - 0x00000000189a5000 	C:\Program Files\Java\jdk1.8.0_202\jre\bin\api-ms-win-crt-multibyte-l1-1-0.dll
0x00000000189b0000 - 0x00000000189c0000 	C:\Program Files\Java\jdk1.8.0_202\jre\bin\api-ms-win-crt-private-l1-1-0.dll
0x00000000189c0000 - 0x00000000189c3000 	C:\Program Files\Java\jdk1.8.0_202\jre\bin\api-ms-win-crt-process-l1-1-0.dll
0x00000000189d0000 - 0x00000000189d4000 	C:\Program Files\Java\jdk1.8.0_202\jre\bin\api-ms-win-crt-runtime-l1-1-0.dll
0x00000000189e0000 - 0x00000000189e4000 	C:\Program Files\Java\jdk1.8.0_202\jre\bin\api-ms-win-crt-stdio-l1-1-0.dll
0x00000000189f0000 - 0x00000000189f4000 	C:\Program Files\Java\jdk1.8.0_202\jre\bin\api-ms-win-crt-string-l1-1-0.dll
0x0000000018a00000 - 0x0000000018a03000 	C:\Program Files\Java\jdk1.8.0_202\jre\bin\api-ms-win-crt-time-l1-1-0.dll
0x0000000018a10000 - 0x0000000018a13000 	C:\Program Files\Java\jdk1.8.0_202\jre\bin\api-ms-win-crt-utility-l1-1-0.dll
0x00007ff89b430000 - 0x00007ff89b526000 	C:\Program Files\Java\jdk1.8.0_202\jre\bin\ucrtbase.dll
0x00007ff8d0a90000 - 0x00007ff8d0aa6000 	C:\Program Files\Java\jdk1.8.0_202\jre\bin\vcruntime140.dll
0x00007ff8a8da0000 - 0x00007ff8a8e3c000 	C:\Program Files\Java\jdk1.8.0_202\jre\bin\msvcp140.dll
0x00007ff8b7fd0000 - 0x00007ff8b8021000 	C:\Program Files\Java\jdk1.8.0_202\jre\bin\concrt140.dll
0x00007ff8d0a60000 - 0x00007ff8d0a83000 	C:\Program Files\Java\jdk1.8.0_202\jre\bin\prism_d3d.dll
0x00007ff8ad550000 - 0x00007ff8ad71d000 	C:\WINDOWS\system32\d3d9.dll
0x00007ff8d68d0000 - 0x00007ff8d68e2000 	C:\WINDOWS\SYSTEM32\kernel.appcore.dll
0x00007ff8d6550000 - 0x00007ff8d657f000 	C:\WINDOWS\SYSTEM32\dwmapi.dll
0x00007ff8d6370000 - 0x00007ff8d640e000 	C:\WINDOWS\system32\uxtheme.dll
0x00007ff8ab3f0000 - 0x00007ff8ac010000 	C:\WINDOWS\SYSTEM32\igdumd64.dll
0x00007ff8c5360000 - 0x00007ff8c53a9000 	C:\Program Files\Java\jdk1.8.0_202\jre\bin\glass.dll
0x00007ff8d9950000 - 0x00007ff8d9a2a000 	C:\WINDOWS\System32\COMDLG32.dll
0x00007ff8da4e0000 - 0x00007ff8da60a000 	C:\WINDOWS\System32\ole32.dll
0x00007ff8d9d70000 - 0x00007ff8d9e3d000 	C:\WINDOWS\System32\OLEAUT32.dll
0x00007ff8d9e40000 - 0x00007ff8d9f54000 	C:\WINDOWS\System32\MSCTF.dll
0x00007ff8d9450000 - 0x00007ff8d94d2000 	C:\WINDOWS\System32\bcryptPrimitives.dll
0x00007ff8d0a40000 - 0x00007ff8d0a54000 	C:\Program Files\Java\jdk1.8.0_202\jre\bin\javafx_font.dll
0x00007ff8c8ef0000 - 0x00007ff8c916f000 	C:\WINDOWS\SYSTEM32\dwrite.dll
0x00007ff8d9f60000 - 0x00007ff8da009000 	C:\WINDOWS\System32\clbcatq.dll
0x00007ff8d20e0000 - 0x00007ff8d2294000 	C:\WINDOWS\SYSTEM32\WindowsCodecs.dll
0x00007ff8d8fd0000 - 0x00007ff8d8ff7000 	C:\WINDOWS\System32\bcrypt.dll
0x00007ff8b1ec0000 - 0x00007ff8b1efe000 	C:\WINDOWS\system32\dataexchange.dll
0x00007ff8d5940000 - 0x00007ff8d5b23000 	C:\WINDOWS\system32\dcomp.dll
0x00007ff8d44d0000 - 0x00007ff8d4733000 	C:\WINDOWS\system32\d3d11.dll
0x00007ff8d7340000 - 0x00007ff8d7433000 	C:\WINDOWS\system32\dxgi.dll
0x00007ff8d2b70000 - 0x00007ff8d2d70000 	C:\WINDOWS\system32\twinapi.appcore.dll
0x00007ff8b7f10000 - 0x00007ff8b7f44000 	C:\Program Files\Common Files\Microsoft Shared\Ink\rtscom.dll
0x00007ff8cdc40000 - 0x00007ff8cdd3a000 	C:\WINDOWS\SYSTEM32\textinputframework.dll
0x00007ff8d55e0000 - 0x00007ff8d593e000 	C:\WINDOWS\System32\CoreUIComponents.dll
0x00007ff8d5b30000 - 0x00007ff8d5c22000 	C:\WINDOWS\System32\CoreMessaging.dll
0x00007ff8d8c60000 - 0x00007ff8d8c93000 	C:\WINDOWS\SYSTEM32\ntmarta.dll
0x00007ff8d4910000 - 0x00007ff8d4a64000 	C:\WINDOWS\SYSTEM32\wintypes.dll
0x00007ff8d09b0000 - 0x00007ff8d09c2000 	C:\Program Files\Java\jdk1.8.0_202\jre\bin\prism_common.dll
0x00007ff8d8970000 - 0x00007ff8d8b54000 	C:\WINDOWS\SYSTEM32\dbghelp.dll

VM Arguments:
jvm_args: -Dfile.encoding=UTF-8 
java_command: C:\Users\Oscar\Desktop\Proyecto-Final\dist\run627062010\Proyecto-Final.jar
java_class_path (initial): C:\Users\Oscar\Desktop\Proyecto-Final\dist\run627062010\Proyecto-Final.jar
Launcher Type: SUN_STANDARD

Environment Variables:
JAVA_HOME=C:\Program Files\Java\jdk-17
JRE_HOME=C:\Program Files\Java\jre1.8.0_202
PATH=C:\Program Files\Java\jdk-17;C:\Program Files\Common Files\Oracle\Java\javapath;C:\Program Files (x86)\VMware\VMware Workstation\bin\;C:\ProgramData\Oracle\Java\javapath;C:\Program Files\Microsoft MPI\Bin\;C:\Users\Oscar\AppData\Local\Programs\Python\Python310;\Python310;C:\Program Files (x86)\Microsoft SQL Server\150\DTS\Binn\;C:\Program Files\Azure Data Studio\bin;C:\Program Files\Microsoft VS Code\bin;C:\msys64\mingw64\bin;C:\Program Files\Microsoft SQL Server\Client SDK\ODBC\170\Tools\Binn\;C:\Program Files (x86)\Microsoft SQL Server\150\Tools\Binn\;C:\Program Files\Microsoft SQL Server\150\Tools\Binn\;C:\Program Files\Microsoft SQL Server\150\DTS\Binn\;C:\ProgramData\chocolatey\bin;C:\Program Files (x86)\oh-my-posh\bin;C:\Program Files\Git\cmd;C:\Users\Oscar\.console-ninja\.bin;C:\Python311\Scripts\;C:\Python311\;C:\Users\Oscar\AppData\Local\Programs\Python\Launcher\;C:\Program Files\Java\jdk-17;C:\Users\Oscar\AppData\Local\Programs\Python\Python311\Scripts\;C:\Users\Oscar\AppData\Local\Programs\Python\Python311\;C:\Users\Oscar\scoop\apps\oh-my-posh\current\bin;C:\Users\Oscar\scoop\shims;C:\Users\Oscar\AppData\Local\Programs\Python\Python310;C:\Program Files\Azure Data Studio\bin;C:\Program Files\Azure Data Studio\bin;C:\IntelliJ IDEA Educational Edition 2021.3.3\bin;C:\Program Files\JetBrains\IntelliJ IDEA Community Edition 2021.3.3\bin;C:\Users\Oscar\AppData\Local\Programs\Python\Python310\Scripts;C:\Users\Oscar\AppData\Local\Programs\Python\Python310;C:\Windows\System32;C:\Program Files\JetBrains\IntelliJ IDEA 2022.1.3\bin;;C:\Program Files\JetBrains\IntelliJ IDEA Community Edition 2022.2.1\bin;;
USERNAME=Oscar
OS=Windows_NT
PROCESSOR_IDENTIFIER=Intel64 Family 6 Model 42 Stepping 7, GenuineIntel



---------------  S Y S T E M  ---------------

OS: Windows 10.0 , 64 bit Build 19041 (10.0.19041.2913)

CPU:total 4 (initial active 4) (2 cores per cpu, 2 threads per core) family 6 model 42 stepping 7, cmov, cx8, fxsr, mmx, sse, sse2, sse3, ssse3, sse4.1, sse4.2, popcnt, avx, clmul, ht, tsc, tscinvbit

Memory: 4k page, physical 6201984k(834120k free), swap 10396288k(3545312k free)

vm_info: Java HotSpot(TM) 64-Bit Server VM (25.202-b08) for windows-amd64 JRE (1.8.0_202-b08), built on Dec 15 2018 19:54:30 by "java_re" with MS VC++ 10.0 (VS2010)

time: Wed May 24 21:20:36 2023
timezone: Central America Standard Time
elapsed time: 21 seconds (0d 0h 0m 21s)

